#
# There is insufficient memory for the Java Runtime Environment to continue.
# Native memory allocation (malloc) failed to allocate 590736 bytes for Chunk::new
# Possible reasons:
#   The system is out of physical RAM or swap space
#   The process is running with CompressedOops enabled, and the Java Heap may be blocking the growth of the native heap
# Possible solutions:
#   Reduce memory load on the system
#   Increase physical memory or swap space
#   Check if swap backing store is full
#   Decrease Java heap size (-Xmx/-Xms)
#   Decrease number of Java threads
#   Decrease Java thread stack sizes (-Xss)
#   Set larger code cache with -XX:ReservedCodeCacheSize=
#   JVM is running with Unscaled Compressed Oops mode in which the Java heap is
#     placed in the first 4GB address space. The Java Heap base address is the
#     maximum limit for the native heap growth. Please use -XX:HeapBaseMinAddress
#     to set the Java Heap base and to place the Java Heap above 4GB virtual address.
# This output file may be truncated or incomplete.
#
#  Out of Memory Error (c:/BuildAgent/work/5ff2f6c26000d570/src/hotspot/share/memory/arena.cpp:197), pid=2828, tid=5396
#
# JRE version: OpenJDK Runtime Environment (11.0.5+10) (build 11.0.5+10-b520.38)
# Java VM: OpenJDK 64-Bit Server VM (11.0.5+10-b520.38, mixed mode, sharing, tiered, compressed oops, g1 gc, windows-amd64)
# No core dump will be written. Minidumps are not enabled by default on client versions of Windows
#

---------------  S U M M A R Y ------------

Command Line: -javaagent:C:\Program Files\JetBrains\IntelliJ IDEA Community Edition 2019.3.3\lib\idea_rt.jar=52224:C:\Program Files\JetBrains\IntelliJ IDEA Community Edition 2019.3.3\bin -Dfile.encoding=UTF-8 com.test.Application

Host: Intel(R) Core(TM) i5-8300H CPU @ 2.30GHz, 8 cores, 7G,  Windows 10 , 64 bit Build 18362 (10.0.18362.329)
Time: Mon Feb 24 00:19:14 2020 RTZ 2 (ceia) elapsed time: 13 seconds (0d 0h 0m 13s)

---------------  T H R E A D  ---------------

Current thread (0x0000017c65a22000):  JavaThread "C2 CompilerThread1" daemon [_thread_in_native, id=5396, stack(0x0000000f65500000,0x0000000f65600000)]


Current CompileTask:
C2:  13488 6538       4       sun.invoke.util.BytecodeDescriptor::unparseSig (91 bytes)

Stack: [0x0000000f65500000,0x0000000f65600000]
Native frames: (J=compiled Java code, j=interpreted, Vv=VM code, C=native code)
V  [jvm.dll+0x5dcafa]
V  [jvm.dll+0x70e375]
V  [jvm.dll+0x70f898]
V  [jvm.dll+0x70ff63]
V  [jvm.dll+0x23e238]
V  [jvm.dll+0xb8a9c]
V  [jvm.dll+0xb8fac]
V  [jvm.dll+0x34fc5b]
V  [jvm.dll+0x31d9d3]
V  [jvm.dll+0x31cf6a]
V  [jvm.dll+0x1f78c2]
V  [jvm.dll+0x1f6a94]
V  [jvm.dll+0x17f6fc]
V  [jvm.dll+0x204f77]
V  [jvm.dll+0x2037f1]
V  [jvm.dll+0x6d835f]
V  [jvm.dll+0x6d114d]
V  [jvm.dll+0x5dbdd6]
C  [ucrtbase.dll+0x20e72]
C  [KERNEL32.DLL+0x17bd4]
C  [ntdll.dll+0x6ced1]


---------------  P R O C E S S  ---------------

Threads class SMR info:
_java_thread_list=0x0000017c6850c740, length=32, elements={
0x0000017c64f41800, 0x0000017c64f45000, 0x0000017c64f5e800, 0x0000017c64f5f800,
0x0000017c64f60800, 0x0000017c64f69000, 0x0000017c64f95000, 0x0000017c659b0000,
0x0000017c65dd9800, 0x0000017c65a72000, 0x0000017c69948800, 0x0000017c68462800,
0x0000017c6837d800, 0x0000017c6a5ca000, 0x0000017c6b7ab000, 0x0000017c6a3c9800,
0x0000017c6a3cc000, 0x0000017c6a3cb000, 0x0000017c6a3ca000, 0x0000017c6cf71800,
0x0000017c6cf72800, 0x0000017c6cf73800, 0x0000017c6cf74000, 0x0000017c6cf75000,
0x0000017c6cf70000, 0x0000017c6cf6f000, 0x0000017c6cf76800, 0x0000017c6cf71000,
0x0000017c6cf7a000, 0x0000017c6cf7a800, 0x0000017c6cf7b800, 0x0000017c65a22000
}

Java Threads: ( => current thread )
  0x0000017c64f41800 JavaThread "Reference Handler" daemon [_thread_blocked, id=4668, stack(0x0000000f64d00000,0x0000000f64e00000)]
  0x0000017c64f45000 JavaThread "Finalizer" daemon [_thread_blocked, id=10148, stack(0x0000000f64e00000,0x0000000f64f00000)]
  0x0000017c64f5e800 JavaThread "Signal Dispatcher" daemon [_thread_blocked, id=10244, stack(0x0000000f64f00000,0x0000000f65000000)]
  0x0000017c64f5f800 JavaThread "Attach Listener" daemon [_thread_blocked, id=10180, stack(0x0000000f65000000,0x0000000f65100000)]
  0x0000017c64f60800 JavaThread "C2 CompilerThread0" daemon [_thread_in_native, id=1324, stack(0x0000000f65100000,0x0000000f65200000)]
  0x0000017c64f69000 JavaThread "C1 CompilerThread0" daemon [_thread_blocked, id=1224, stack(0x0000000f65200000,0x0000000f65300000)]
  0x0000017c64f95000 JavaThread "Sweeper thread" daemon [_thread_blocked, id=10736, stack(0x0000000f65300000,0x0000000f65400000)]
  0x0000017c659b0000 JavaThread "Common-Cleaner" daemon [_thread_blocked, id=9176, stack(0x0000000f65400000,0x0000000f65500000)]
  0x0000017c65dd9800 JavaThread "Monitor Ctrl-Break" daemon [_thread_in_native, id=2424, stack(0x0000000f65600000,0x0000000f65700000)]
  0x0000017c65a72000 JavaThread "Service Thread" daemon [_thread_blocked, id=2704, stack(0x0000000f65700000,0x0000000f65800000)]
  0x0000017c69948800 JavaThread "Catalina-utility-1" [_thread_blocked, id=5908, stack(0x0000000f66400000,0x0000000f66500000)]
  0x0000017c68462800 JavaThread "Catalina-utility-2" [_thread_blocked, id=8728, stack(0x0000000f66500000,0x0000000f66600000)]
  0x0000017c6837d800 JavaThread "container-0" [_thread_blocked, id=11112, stack(0x0000000f66600000,0x0000000f66700000)]
  0x0000017c6a5ca000 JavaThread "mysql-cj-abandoned-connection-cleanup" daemon [_thread_blocked, id=10260, stack(0x0000000f66700000,0x0000000f66800000)]
  0x0000017c6b7ab000 JavaThread "HikariPool-1 housekeeper" daemon [_thread_blocked, id=10612, stack(0x0000000f66900000,0x0000000f66a00000)]
  0x0000017c6a3c9800 JavaThread "Live Reload Server" daemon [_thread_in_native, id=7788, stack(0x0000000f66c00000,0x0000000f66d00000)]
  0x0000017c6a3cc000 JavaThread "File Watcher" daemon [_thread_blocked, id=10984, stack(0x0000000f66b00000,0x0000000f66c00000)]
  0x0000017c6a3cb000 JavaThread "http-nio-8080-BlockPoller" daemon [_thread_in_native, id=768, stack(0x0000000f66d00000,0x0000000f66e00000)]
  0x0000017c6a3ca000 JavaThread "http-nio-8080-exec-1" daemon [_thread_in_vm, id=9228, stack(0x0000000f66e00000,0x0000000f66f00000)]
  0x0000017c6cf71800 JavaThread "http-nio-8080-exec-2" daemon [_thread_blocked, id=10312, stack(0x0000000f66f00000,0x0000000f67000000)]
  0x0000017c6cf72800 JavaThread "http-nio-8080-exec-3" daemon [_thread_blocked, id=9920, stack(0x0000000f67000000,0x0000000f67100000)]
  0x0000017c6cf73800 JavaThread "http-nio-8080-exec-4" daemon [_thread_blocked, id=9796, stack(0x0000000f67100000,0x0000000f67200000)]
  0x0000017c6cf74000 JavaThread "http-nio-8080-exec-5" daemon [_thread_blocked, id=3412, stack(0x0000000f67200000,0x0000000f67300000)]
  0x0000017c6cf75000 JavaThread "http-nio-8080-exec-6" daemon [_thread_blocked, id=7364, stack(0x0000000f67300000,0x0000000f67400000)]
  0x0000017c6cf70000 JavaThread "http-nio-8080-exec-7" daemon [_thread_blocked, id=3000, stack(0x0000000f67400000,0x0000000f67500000)]
  0x0000017c6cf6f000 JavaThread "http-nio-8080-exec-8" daemon [_thread_blocked, id=1804, stack(0x0000000f67500000,0x0000000f67600000)]
  0x0000017c6cf76800 JavaThread "http-nio-8080-exec-9" daemon [_thread_blocked, id=10744, stack(0x0000000f67600000,0x0000000f67700000)]
  0x0000017c6cf71000 JavaThread "http-nio-8080-exec-10" daemon [_thread_blocked, id=2380, stack(0x0000000f67700000,0x0000000f67800000)]
  0x0000017c6cf7a000 JavaThread "http-nio-8080-ClientPoller" daemon [_thread_in_native, id=2412, stack(0x0000000f67800000,0x0000000f67900000)]
  0x0000017c6cf7a800 JavaThread "http-nio-8080-Acceptor" daemon [_thread_in_native, id=5328, stack(0x0000000f67900000,0x0000000f67a00000)]
  0x0000017c6cf7b800 JavaThread "DestroyJavaVM" [_thread_blocked, id=6520, stack(0x0000000f64600000,0x0000000f64700000)]
=>0x0000017c65a22000 JavaThread "C2 CompilerThread1" daemon [_thread_in_native, id=5396, stack(0x0000000f65500000,0x0000000f65600000)]

Other Threads:
  0x0000017c64f3f000 VMThread "VM Thread" [stack: 0x0000000f64c00000,0x0000000f64d00000] [id=3144]
  0x0000017c65e3c800 WatcherThread [stack: 0x0000000f65800000,0x0000000f65900000] [id=7184]
  0x0000017c4a6a5000 GCTaskThread "GC Thread#0" [stack: 0x0000000f64700000,0x0000000f64800000] [id=10376]
  0x0000017c65ff3800 GCTaskThread "GC Thread#1" [stack: 0x0000000f65900000,0x0000000f65a00000] [id=7176]
  0x0000017c66004000 GCTaskThread "GC Thread#2" [stack: 0x0000000f65a00000,0x0000000f65b00000] [id=7720]
  0x0000017c66456000 GCTaskThread "GC Thread#3" [stack: 0x0000000f65f00000,0x0000000f66000000] [id=4588]
  0x0000017c66b9d800 GCTaskThread "GC Thread#4" [stack: 0x0000000f66000000,0x0000000f66100000] [id=10524]
  0x0000017c669e0000 GCTaskThread "GC Thread#5" [stack: 0x0000000f66100000,0x0000000f66200000] [id=6396]
  0x0000017c66a32000 GCTaskThread "GC Thread#6" [stack: 0x0000000f66200000,0x0000000f66300000] [id=10436]
  0x0000017c669b7800 GCTaskThread "GC Thread#7" [stack: 0x0000000f66300000,0x0000000f66400000] [id=2108]
  0x0000017c4a6d5800 ConcurrentGCThread "G1 Main Marker" [stack: 0x0000000f64800000,0x0000000f64900000] [id=10316]
  0x0000017c4a6d6800 ConcurrentGCThread "G1 Conc#0" [stack: 0x0000000f64900000,0x0000000f64a00000] [id=6236]
  0x0000017c68463800 ConcurrentGCThread "G1 Conc#1" [stack: 0x0000000f65d00000,0x0000000f65e00000] [id=9972]
  0x0000017c64dca800 ConcurrentGCThread "G1 Refine#0" [stack: 0x0000000f64a00000,0x0000000f64b00000] [id=9264]
  0x0000017c64dcb800 ConcurrentGCThread "G1 Young RemSet Sampling" [stack: 0x0000000f64b00000,0x0000000f64c00000] [id=5696]

Threads with active compile tasks:
C2 CompilerThread0  13509 6547   !   4       org.springframework.security.access.method.DelegatingMethodSecurityMetadataSource::getAttributes (225 bytes)
C2 CompilerThread1  13510 6538       4       sun.invoke.util.BytecodeDescriptor::unparseSig (91 bytes)

VM state:not at safepoint (normal execution)

VM Mutex/Monitor currently owned by a thread: None

OutOfMemory and StackOverflow Exception counts:
OutOfMemoryError java_heap_errors=1
LinkageErrors=61

Heap address: 0x0000000082600000, size: 2010 MB, Compressed Oops mode: 32-bit
Narrow klass base: 0x0000000800000000, Narrow klass shift: 3
Compressed class space size: 1073741824 Address: 0x0000000840000000

Heap:
 garbage-first heap   total 187392K, used 76347K [0x0000000082600000, 0x0000000100000000)
  region size 1024K, 51 young (52224K), 5 survivors (5120K)
 Metaspace       used 65753K, capacity 67430K, committed 67612K, reserved 1107968K
  class space    used 8733K, capacity 9370K, committed 9420K, reserved 1048576K
Heap Regions: E=young(eden), S=young(survivor), O=old, HS=humongous(starts), HC=humongous(continues), CS=collection set, F=free, A=archive, TAMS=top-at-mark-start (previous, next)
|   0|0x0000000082600000, 0x0000000082700000, 0x0000000082700000|100%|HS|  |TAMS 0x0000000082700000, 0x0000000082600000| Complete 
|   1|0x0000000082700000, 0x0000000082800000, 0x0000000082800000|100%| O|  |TAMS 0x0000000082800000, 0x0000000082700000| Untracked 
|   2|0x0000000082800000, 0x0000000082900000, 0x0000000082900000|100%| O|  |TAMS 0x0000000082900000, 0x0000000082800000| Untracked 
|   3|0x0000000082900000, 0x0000000082a00000, 0x0000000082a00000|100%| O|  |TAMS 0x0000000082a00000, 0x0000000082900000| Untracked 
|   4|0x0000000082a00000, 0x0000000082b00000, 0x0000000082b00000|100%| O|  |TAMS 0x0000000082b00000, 0x0000000082a00000| Untracked 
|   5|0x0000000082b00000, 0x0000000082c00000, 0x0000000082c00000|100%| O|  |TAMS 0x0000000082c00000, 0x0000000082b00000| Untracked 
|   6|0x0000000082c00000, 0x0000000082d00000, 0x0000000082d00000|100%| O|  |TAMS 0x0000000082d00000, 0x0000000082c00000| Untracked 
|   7|0x0000000082d00000, 0x0000000082e00000, 0x0000000082e00000|100%| O|  |TAMS 0x0000000082e00000, 0x0000000082d00000| Untracked 
|   8|0x0000000082e00000, 0x0000000082f00000, 0x0000000082f00000|100%| O|  |TAMS 0x0000000082f00000, 0x0000000082e00000| Untracked 
|   9|0x0000000082f00000, 0x0000000083000000, 0x0000000083000000|100%| O|  |TAMS 0x0000000083000000, 0x0000000082f00000| Untracked 
|  10|0x0000000083000000, 0x0000000083100000, 0x0000000083100000|100%| O|  |TAMS 0x0000000083100000, 0x0000000083000000| Untracked 
|  11|0x0000000083100000, 0x0000000083200000, 0x0000000083200000|100%| O|  |TAMS 0x0000000083200000, 0x0000000083100000| Untracked 
|  12|0x0000000083200000, 0x0000000083300000, 0x0000000083300000|100%| O|  |TAMS 0x0000000083300000, 0x0000000083200000| Untracked 
|  13|0x0000000083300000, 0x0000000083400000, 0x0000000083400000|100%| O|  |TAMS 0x0000000083400000, 0x0000000083300000| Untracked 
|  14|0x0000000083400000, 0x0000000083500000, 0x0000000083500000|100%| O|  |TAMS 0x0000000083500000, 0x0000000083400000| Untracked 
|  15|0x0000000083500000, 0x0000000083600000, 0x0000000083600000|100%| O|  |TAMS 0x0000000083503e00, 0x0000000083500000| Untracked 
|  16|0x0000000083600000, 0x0000000083700000, 0x0000000083700000|100%| O|  |TAMS 0x0000000083600000, 0x0000000083600000| Untracked 
|  17|0x0000000083700000, 0x0000000083800000, 0x0000000083800000|100%| O|  |TAMS 0x0000000083700000, 0x0000000083700000| Untracked 
|  18|0x0000000083800000, 0x0000000083900000, 0x0000000083900000|100%| O|  |TAMS 0x0000000083800000, 0x0000000083800000| Untracked 
|  19|0x0000000083900000, 0x0000000083a00000, 0x0000000083a00000|100%| O|  |TAMS 0x0000000083900000, 0x0000000083900000| Untracked 
|  20|0x0000000083a00000, 0x0000000083b00000, 0x0000000083b00000|100%| O|  |TAMS 0x0000000083a00000, 0x0000000083a00000| Untracked 
|  21|0x0000000083b00000, 0x0000000083c00000, 0x0000000083c00000|100%| O|  |TAMS 0x0000000083b00000, 0x0000000083b00000| Untracked 
|  22|0x0000000083c00000, 0x0000000083d00000, 0x0000000083d00000|100%| O|  |TAMS 0x0000000083c00000, 0x0000000083c00000| Untracked 
|  23|0x0000000083d00000, 0x0000000083e00000, 0x0000000083e00000|100%| O|  |TAMS 0x0000000083d00000, 0x0000000083d00000| Untracked 
|  24|0x0000000083e00000, 0x0000000083eaca00, 0x0000000083f00000| 67%| O|  |TAMS 0x0000000083e00000, 0x0000000083e00000| Untracked 
|  25|0x0000000083f00000, 0x0000000083f00000, 0x0000000084000000|  0%| F|  |TAMS 0x0000000083f00000, 0x0000000083f00000| Untracked 
|  26|0x0000000084000000, 0x0000000084000000, 0x0000000084100000|  0%| F|  |TAMS 0x0000000084000000, 0x0000000084000000| Untracked 
|  27|0x0000000084100000, 0x0000000084100000, 0x0000000084200000|  0%| F|  |TAMS 0x0000000084100000, 0x0000000084100000| Untracked 
|  28|0x0000000084200000, 0x0000000084200000, 0x0000000084300000|  0%| F|  |TAMS 0x0000000084200000, 0x0000000084200000| Untracked 
|  29|0x0000000084300000, 0x0000000084300000, 0x0000000084400000|  0%| F|  |TAMS 0x0000000084300000, 0x0000000084300000| Untracked 
|  30|0x0000000084400000, 0x0000000084400000, 0x0000000084500000|  0%| F|  |TAMS 0x0000000084400000, 0x0000000084400000| Untracked 
|  31|0x0000000084500000, 0x0000000084500000, 0x0000000084600000|  0%| F|  |TAMS 0x0000000084500000, 0x0000000084500000| Untracked 
|  32|0x0000000084600000, 0x0000000084600000, 0x0000000084700000|  0%| F|  |TAMS 0x0000000084600000, 0x0000000084600000| Untracked 
|  33|0x0000000084700000, 0x0000000084700000, 0x0000000084800000|  0%| F|  |TAMS 0x0000000084700000, 0x0000000084700000| Untracked 
|  34|0x0000000084800000, 0x0000000084800000, 0x0000000084900000|  0%| F|  |TAMS 0x0000000084800000, 0x0000000084800000| Untracked 
|  35|0x0000000084900000, 0x0000000084900000, 0x0000000084a00000|  0%| F|  |TAMS 0x0000000084900000, 0x0000000084900000| Untracked 
|  36|0x0000000084a00000, 0x0000000084a00000, 0x0000000084b00000|  0%| F|  |TAMS 0x0000000084a00000, 0x0000000084a00000| Untracked 
|  37|0x0000000084b00000, 0x0000000084b00000, 0x0000000084c00000|  0%| F|  |TAMS 0x0000000084b00000, 0x0000000084b00000| Untracked 
|  38|0x0000000084c00000, 0x0000000084c00000, 0x0000000084d00000|  0%| F|  |TAMS 0x0000000084c00000, 0x0000000084c00000| Untracked 
|  39|0x0000000084d00000, 0x0000000084d00000, 0x0000000084e00000|  0%| F|  |TAMS 0x0000000084d00000, 0x0000000084d00000| Untracked 
|  40|0x0000000084e00000, 0x0000000084e00000, 0x0000000084f00000|  0%| F|  |TAMS 0x0000000084e00000, 0x0000000084e00000| Untracked 
|  41|0x0000000084f00000, 0x0000000084f00000, 0x0000000085000000|  0%| F|  |TAMS 0x0000000084f00000, 0x0000000084f00000| Untracked 
|  42|0x0000000085000000, 0x0000000085000000, 0x0000000085100000|  0%| F|  |TAMS 0x0000000085000000, 0x0000000085000000| Untracked 
|  43|0x0000000085100000, 0x0000000085100000, 0x0000000085200000|  0%| F|  |TAMS 0x0000000085100000, 0x0000000085100000| Untracked 
|  44|0x0000000085200000, 0x0000000085200000, 0x0000000085300000|  0%| F|  |TAMS 0x0000000085200000, 0x0000000085200000| Untracked 
|  45|0x0000000085300000, 0x0000000085300000, 0x0000000085400000|  0%| F|  |TAMS 0x0000000085300000, 0x0000000085300000| Untracked 
|  46|0x0000000085400000, 0x0000000085400000, 0x0000000085500000|  0%| F|  |TAMS 0x0000000085400000, 0x0000000085400000| Untracked 
|  47|0x0000000085500000, 0x0000000085500000, 0x0000000085600000|  0%| F|  |TAMS 0x0000000085500000, 0x0000000085500000| Untracked 
|  48|0x0000000085600000, 0x0000000085600000, 0x0000000085700000|  0%| F|  |TAMS 0x0000000085600000, 0x0000000085600000| Untracked 
|  49|0x0000000085700000, 0x0000000085700000, 0x0000000085800000|  0%| F|  |TAMS 0x0000000085700000, 0x0000000085700000| Untracked 
|  50|0x0000000085800000, 0x0000000085800000, 0x0000000085900000|  0%| F|  |TAMS 0x0000000085800000, 0x0000000085800000| Untracked 
|  51|0x0000000085900000, 0x0000000085900000, 0x0000000085a00000|  0%| F|  |TAMS 0x0000000085900000, 0x0000000085900000| Untracked 
|  52|0x0000000085a00000, 0x0000000085a00000, 0x0000000085b00000|  0%| F|  |TAMS 0x0000000085a00000, 0x0000000085a00000| Untracked 
|  53|0x0000000085b00000, 0x0000000085b00000, 0x0000000085c00000|  0%| F|  |TAMS 0x0000000085b00000, 0x0000000085b00000| Untracked 
|  54|0x0000000085c00000, 0x0000000085c00000, 0x0000000085d00000|  0%| F|  |TAMS 0x0000000085c00000, 0x0000000085c00000| Untracked 
|  55|0x0000000085d00000, 0x0000000085d00000, 0x0000000085e00000|  0%| F|  |TAMS 0x0000000085d00000, 0x0000000085d00000| Untracked 
|  56|0x0000000085e00000, 0x0000000085e00000, 0x0000000085f00000|  0%| F|  |TAMS 0x0000000085e00000, 0x0000000085e00000| Untracked 
|  57|0x0000000085f00000, 0x0000000085f00000, 0x0000000086000000|  0%| F|  |TAMS 0x0000000085f00000, 0x0000000085f00000| Untracked 
|  58|0x0000000086000000, 0x0000000086000000, 0x0000000086100000|  0%| F|  |TAMS 0x0000000086000000, 0x0000000086000000| Untracked 
|  59|0x0000000086100000, 0x0000000086100000, 0x0000000086200000|  0%| F|  |TAMS 0x0000000086100000, 0x0000000086100000| Untracked 
|  60|0x0000000086200000, 0x0000000086200000, 0x0000000086300000|  0%| F|  |TAMS 0x0000000086200000, 0x0000000086200000| Untracked 
|  61|0x0000000086300000, 0x0000000086300000, 0x0000000086400000|  0%| F|  |TAMS 0x0000000086300000, 0x0000000086300000| Untracked 
|  62|0x0000000086400000, 0x0000000086400000, 0x0000000086500000|  0%| F|  |TAMS 0x0000000086400000, 0x0000000086400000| Untracked 
|  63|0x0000000086500000, 0x0000000086500000, 0x0000000086600000|  0%| F|  |TAMS 0x0000000086500000, 0x0000000086500000| Untracked 
|  64|0x0000000086600000, 0x0000000086600000, 0x0000000086700000|  0%| F|  |TAMS 0x0000000086600000, 0x0000000086600000| Untracked 
|  65|0x0000000086700000, 0x0000000086700000, 0x0000000086800000|  0%| F|  |TAMS 0x0000000086700000, 0x0000000086700000| Untracked 
|  66|0x0000000086800000, 0x00000000868e2590, 0x0000000086900000| 88%| S|CS|TAMS 0x0000000086800000, 0x0000000086800000| Complete 
|  67|0x0000000086900000, 0x0000000086a00000, 0x0000000086a00000|100%| S|CS|TAMS 0x0000000086900000, 0x0000000086900000| Complete 
|  68|0x0000000086a00000, 0x0000000086b00000, 0x0000000086b00000|100%| S|CS|TAMS 0x0000000086a00000, 0x0000000086a00000| Complete 
|  69|0x0000000086b00000, 0x0000000086c00000, 0x0000000086c00000|100%| S|CS|TAMS 0x0000000086b00000, 0x0000000086b00000| Complete 
|  70|0x0000000086c00000, 0x0000000086d00000, 0x0000000086d00000|100%| S|CS|TAMS 0x0000000086c00000, 0x0000000086c00000| Complete 
|  71|0x0000000086d00000, 0x0000000086d00000, 0x0000000086e00000|  0%| F|  |TAMS 0x0000000086d00000, 0x0000000086d00000| Untracked 
|  72|0x0000000086e00000, 0x0000000086e00000, 0x0000000086f00000|  0%| F|  |TAMS 0x0000000086e00000, 0x0000000086e00000| Untracked 
|  73|0x0000000086f00000, 0x0000000086f00000, 0x0000000087000000|  0%| F|  |TAMS 0x0000000086f00000, 0x0000000086f00000| Untracked 
|  74|0x0000000087000000, 0x0000000087000000, 0x0000000087100000|  0%| F|  |TAMS 0x0000000087000000, 0x0000000087000000| Untracked 
|  75|0x0000000087100000, 0x0000000087100000, 0x0000000087200000|  0%| F|  |TAMS 0x0000000087100000, 0x0000000087100000| Untracked 
|  76|0x0000000087200000, 0x0000000087200000, 0x0000000087300000|  0%| F|  |TAMS 0x0000000087200000, 0x0000000087200000| Untracked 
|  77|0x0000000087300000, 0x0000000087300000, 0x0000000087400000|  0%| F|  |TAMS 0x0000000087300000, 0x0000000087300000| Untracked 
|  78|0x0000000087400000, 0x0000000087400000, 0x0000000087500000|  0%| F|  |TAMS 0x0000000087400000, 0x0000000087400000| Untracked 
|  79|0x0000000087500000, 0x0000000087500000, 0x0000000087600000|  0%| F|  |TAMS 0x0000000087500000, 0x0000000087500000| Untracked 
|  80|0x0000000087600000, 0x0000000087600000, 0x0000000087700000|  0%| F|  |TAMS 0x0000000087600000, 0x0000000087600000| Untracked 
|  81|0x0000000087700000, 0x0000000087700000, 0x0000000087800000|  0%| F|  |TAMS 0x0000000087700000, 0x0000000087700000| Untracked 
|  82|0x0000000087800000, 0x0000000087800000, 0x0000000087900000|  0%| F|  |TAMS 0x0000000087800000, 0x0000000087800000| Untracked 
|  83|0x0000000087900000, 0x0000000087900000, 0x0000000087a00000|  0%| F|  |TAMS 0x0000000087900000, 0x0000000087900000| Untracked 
|  84|0x0000000087a00000, 0x0000000087a00000, 0x0000000087b00000|  0%| F|  |TAMS 0x0000000087a00000, 0x0000000087a00000| Untracked 
|  85|0x0000000087b00000, 0x0000000087b00000, 0x0000000087c00000|  0%| F|  |TAMS 0x0000000087b00000, 0x0000000087b00000| Untracked 
|  86|0x0000000087c00000, 0x0000000087c00000, 0x0000000087d00000|  0%| F|  |TAMS 0x0000000087c00000, 0x0000000087c00000| Untracked 
|  87|0x0000000087d00000, 0x0000000087d00000, 0x0000000087e00000|  0%| F|  |TAMS 0x0000000087d00000, 0x0000000087d00000| Untracked 
|  88|0x0000000087e00000, 0x0000000087e00000, 0x0000000087f00000|  0%| F|  |TAMS 0x0000000087e00000, 0x0000000087e00000| Untracked 
|  89|0x0000000087f00000, 0x0000000087f00000, 0x0000000088000000|  0%| F|  |TAMS 0x0000000087f00000, 0x0000000087f00000| Untracked 
|  90|0x0000000088000000, 0x0000000088000000, 0x0000000088100000|  0%| F|  |TAMS 0x0000000088000000, 0x0000000088000000| Untracked 
|  91|0x0000000088100000, 0x0000000088100000, 0x0000000088200000|  0%| F|  |TAMS 0x0000000088100000, 0x0000000088100000| Untracked 
|  92|0x0000000088200000, 0x0000000088200000, 0x0000000088300000|  0%| F|  |TAMS 0x0000000088200000, 0x0000000088200000| Untracked 
|  93|0x0000000088300000, 0x0000000088300000, 0x0000000088400000|  0%| F|  |TAMS 0x0000000088300000, 0x0000000088300000| Untracked 
|  94|0x0000000088400000, 0x0000000088400000, 0x0000000088500000|  0%| F|  |TAMS 0x0000000088400000, 0x0000000088400000| Untracked 
|  95|0x0000000088500000, 0x0000000088500000, 0x0000000088600000|  0%| F|  |TAMS 0x0000000088500000, 0x0000000088500000| Untracked 
|  96|0x0000000088600000, 0x0000000088600000, 0x0000000088700000|  0%| F|  |TAMS 0x0000000088600000, 0x0000000088600000| Untracked 
|  97|0x0000000088700000, 0x0000000088700000, 0x0000000088800000|  0%| F|  |TAMS 0x0000000088700000, 0x0000000088700000| Untracked 
|  98|0x0000000088800000, 0x0000000088800000, 0x0000000088900000|  0%| F|  |TAMS 0x0000000088800000, 0x0000000088800000| Untracked 
|  99|0x0000000088900000, 0x0000000088900000, 0x0000000088a00000|  0%| F|  |TAMS 0x0000000088900000, 0x0000000088900000| Untracked 
| 100|0x0000000088a00000, 0x0000000088a00000, 0x0000000088b00000|  0%| F|  |TAMS 0x0000000088a00000, 0x0000000088a00000| Untracked 
| 101|0x0000000088b00000, 0x0000000088b00000, 0x0000000088c00000|  0%| F|  |TAMS 0x0000000088b00000, 0x0000000088b00000| Untracked 
| 102|0x0000000088c00000, 0x0000000088c00000, 0x0000000088d00000|  0%| F|  |TAMS 0x0000000088c00000, 0x0000000088c00000| Untracked 
| 103|0x0000000088d00000, 0x0000000088d00000, 0x0000000088e00000|  0%| F|  |TAMS 0x0000000088d00000, 0x0000000088d00000| Untracked 
| 104|0x0000000088e00000, 0x0000000088e00000, 0x0000000088f00000|  0%| F|  |TAMS 0x0000000088e00000, 0x0000000088e00000| Untracked 
| 105|0x0000000088f00000, 0x0000000088f00000, 0x0000000089000000|  0%| F|  |TAMS 0x0000000088f00000, 0x0000000088f00000| Untracked 
| 106|0x0000000089000000, 0x0000000089000000, 0x0000000089100000|  0%| F|  |TAMS 0x0000000089000000, 0x0000000089000000| Untracked 
| 107|0x0000000089100000, 0x0000000089100000, 0x0000000089200000|  0%| F|  |TAMS 0x0000000089100000, 0x0000000089100000| Untracked 
| 108|0x0000000089200000, 0x0000000089200000, 0x0000000089300000|  0%| F|  |TAMS 0x0000000089200000, 0x0000000089200000| Untracked 
| 109|0x0000000089300000, 0x0000000089300000, 0x0000000089400000|  0%| F|  |TAMS 0x0000000089300000, 0x0000000089300000| Untracked 
| 110|0x0000000089400000, 0x0000000089400000, 0x0000000089500000|  0%| F|  |TAMS 0x0000000089400000, 0x0000000089400000| Untracked 
| 111|0x0000000089500000, 0x0000000089500000, 0x0000000089600000|  0%| F|  |TAMS 0x0000000089500000, 0x0000000089500000| Untracked 
| 112|0x0000000089600000, 0x0000000089600000, 0x0000000089700000|  0%| F|  |TAMS 0x0000000089600000, 0x0000000089600000| Untracked 
| 113|0x0000000089700000, 0x0000000089700000, 0x0000000089800000|  0%| F|  |TAMS 0x0000000089700000, 0x0000000089700000| Untracked 
| 114|0x0000000089800000, 0x0000000089800000, 0x0000000089900000|  0%| F|  |TAMS 0x0000000089800000, 0x0000000089800000| Untracked 
| 115|0x0000000089900000, 0x0000000089900000, 0x0000000089a00000|  0%| F|  |TAMS 0x0000000089900000, 0x0000000089900000| Untracked 
| 116|0x0000000089a00000, 0x0000000089a00000, 0x0000000089b00000|  0%| F|  |TAMS 0x0000000089a00000, 0x0000000089a00000| Untracked 
| 117|0x0000000089b00000, 0x0000000089b00000, 0x0000000089c00000|  0%| F|  |TAMS 0x0000000089b00000, 0x0000000089b00000| Untracked 
| 118|0x0000000089c00000, 0x0000000089c00000, 0x0000000089d00000|  0%| F|  |TAMS 0x0000000089c00000, 0x0000000089c00000| Untracked 
| 119|0x0000000089d00000, 0x0000000089d00000, 0x0000000089e00000|  0%| F|  |TAMS 0x0000000089d00000, 0x0000000089d00000| Untracked 
| 120|0x0000000089e00000, 0x0000000089e00000, 0x0000000089f00000|  0%| F|  |TAMS 0x0000000089e00000, 0x0000000089e00000| Untracked 
| 121|0x0000000089f00000, 0x0000000089f00000, 0x000000008a000000|  0%| F|  |TAMS 0x0000000089f00000, 0x0000000089f00000| Untracked 
| 122|0x000000008a000000, 0x000000008a000000, 0x000000008a100000|  0%| F|  |TAMS 0x000000008a000000, 0x000000008a000000| Untracked 
| 123|0x000000008a100000, 0x000000008a100000, 0x000000008a200000|  0%| F|  |TAMS 0x000000008a100000, 0x000000008a100000| Untracked 
| 124|0x000000008a200000, 0x000000008a200000, 0x000000008a300000|  0%| F|  |TAMS 0x000000008a200000, 0x000000008a200000| Untracked 
| 125|0x000000008a300000, 0x000000008a300000, 0x000000008a400000|  0%| F|  |TAMS 0x000000008a300000, 0x000000008a300000| Untracked 
| 126|0x000000008a400000, 0x000000008a400000, 0x000000008a500000|  0%| F|  |TAMS 0x000000008a400000, 0x000000008a400000| Untracked 
| 127|0x000000008a500000, 0x000000008a500000, 0x000000008a600000|  0%| F|  |TAMS 0x000000008a500000, 0x000000008a500000| Untracked 
| 128|0x000000008a600000, 0x000000008a600000, 0x000000008a700000|  0%| F|  |TAMS 0x000000008a600000, 0x000000008a600000| Untracked 
| 129|0x000000008a700000, 0x000000008a700000, 0x000000008a800000|  0%| F|  |TAMS 0x000000008a700000, 0x000000008a700000| Untracked 
| 130|0x000000008a800000, 0x000000008a800000, 0x000000008a900000|  0%| F|  |TAMS 0x000000008a800000, 0x000000008a800000| Untracked 
| 131|0x000000008a900000, 0x000000008a900000, 0x000000008aa00000|  0%| F|  |TAMS 0x000000008a900000, 0x000000008a900000| Untracked 
| 132|0x000000008aa00000, 0x000000008aa00000, 0x000000008ab00000|  0%| F|  |TAMS 0x000000008aa00000, 0x000000008aa00000| Untracked 
| 133|0x000000008ab00000, 0x000000008ab00000, 0x000000008ac00000|  0%| F|  |TAMS 0x000000008ab00000, 0x000000008ab00000| Untracked 
| 134|0x000000008ac00000, 0x000000008ac00000, 0x000000008ad00000|  0%| F|  |TAMS 0x000000008ac00000, 0x000000008ac00000| Untracked 
| 135|0x000000008ad00000, 0x000000008ad00000, 0x000000008ae00000|  0%| F|  |TAMS 0x000000008ad00000, 0x000000008ad00000| Untracked 
| 136|0x000000008ae00000, 0x000000008aef6498, 0x000000008af00000| 96%| E|  |TAMS 0x000000008ae00000, 0x000000008ae00000| Complete 
| 137|0x000000008af00000, 0x000000008b000000, 0x000000008b000000|100%| E|CS|TAMS 0x000000008af00000, 0x000000008af00000| Complete 
| 138|0x000000008b000000, 0x000000008b100000, 0x000000008b100000|100%| E|CS|TAMS 0x000000008b000000, 0x000000008b000000| Complete 
| 139|0x000000008b100000, 0x000000008b200000, 0x000000008b200000|100%| E|CS|TAMS 0x000000008b100000, 0x000000008b100000| Complete 
| 140|0x000000008b200000, 0x000000008b300000, 0x000000008b300000|100%| E|CS|TAMS 0x000000008b200000, 0x000000008b200000| Complete 
| 141|0x000000008b300000, 0x000000008b400000, 0x000000008b400000|100%| E|CS|TAMS 0x000000008b300000, 0x000000008b300000| Complete 
| 142|0x000000008b400000, 0x000000008b500000, 0x000000008b500000|100%| E|CS|TAMS 0x000000008b400000, 0x000000008b400000| Complete 
| 143|0x000000008b500000, 0x000000008b600000, 0x000000008b600000|100%| E|CS|TAMS 0x000000008b500000, 0x000000008b500000| Complete 
| 144|0x000000008b600000, 0x000000008b700000, 0x000000008b700000|100%| E|CS|TAMS 0x000000008b600000, 0x000000008b600000| Complete 
| 145|0x000000008b700000, 0x000000008b800000, 0x000000008b800000|100%| E|CS|TAMS 0x000000008b700000, 0x000000008b700000| Complete 
| 146|0x000000008b800000, 0x000000008b900000, 0x000000008b900000|100%| E|CS|TAMS 0x000000008b800000, 0x000000008b800000| Complete 
| 147|0x000000008b900000, 0x000000008ba00000, 0x000000008ba00000|100%| E|CS|TAMS 0x000000008b900000, 0x000000008b900000| Complete 
| 148|0x000000008ba00000, 0x000000008bb00000, 0x000000008bb00000|100%| E|CS|TAMS 0x000000008ba00000, 0x000000008ba00000| Complete 
| 149|0x000000008bb00000, 0x000000008bc00000, 0x000000008bc00000|100%| E|CS|TAMS 0x000000008bb00000, 0x000000008bb00000| Complete 
| 150|0x000000008bc00000, 0x000000008bd00000, 0x000000008bd00000|100%| E|CS|TAMS 0x000000008bc00000, 0x000000008bc00000| Complete 
| 151|0x000000008bd00000, 0x000000008be00000, 0x000000008be00000|100%| E|CS|TAMS 0x000000008bd00000, 0x000000008bd00000| Complete 
| 152|0x000000008be00000, 0x000000008bf00000, 0x000000008bf00000|100%| E|CS|TAMS 0x000000008be00000, 0x000000008be00000| Complete 
| 153|0x000000008bf00000, 0x000000008c000000, 0x000000008c000000|100%| E|CS|TAMS 0x000000008bf00000, 0x000000008bf00000| Complete 
| 154|0x000000008c000000, 0x000000008c100000, 0x000000008c100000|100%| E|CS|TAMS 0x000000008c000000, 0x000000008c000000| Complete 
| 155|0x000000008c100000, 0x000000008c200000, 0x000000008c200000|100%| E|CS|TAMS 0x000000008c100000, 0x000000008c100000| Complete 
| 156|0x000000008c200000, 0x000000008c300000, 0x000000008c300000|100%| E|CS|TAMS 0x000000008c200000, 0x000000008c200000| Complete 
| 157|0x000000008c300000, 0x000000008c400000, 0x000000008c400000|100%| E|CS|TAMS 0x000000008c300000, 0x000000008c300000| Complete 
| 158|0x000000008c400000, 0x000000008c500000, 0x000000008c500000|100%| E|CS|TAMS 0x000000008c400000, 0x000000008c400000| Complete 
| 159|0x000000008c500000, 0x000000008c600000, 0x000000008c600000|100%| E|CS|TAMS 0x000000008c500000, 0x000000008c500000| Complete 
| 160|0x000000008c600000, 0x000000008c700000, 0x000000008c700000|100%| E|CS|TAMS 0x000000008c600000, 0x000000008c600000| Complete 
| 161|0x000000008c700000, 0x000000008c800000, 0x000000008c800000|100%| E|CS|TAMS 0x000000008c700000, 0x000000008c700000| Complete 
| 162|0x000000008c800000, 0x000000008c900000, 0x000000008c900000|100%| E|CS|TAMS 0x000000008c800000, 0x000000008c800000| Complete 
| 163|0x000000008c900000, 0x000000008ca00000, 0x000000008ca00000|100%| E|CS|TAMS 0x000000008c900000, 0x000000008c900000| Complete 
| 164|0x000000008ca00000, 0x000000008cb00000, 0x000000008cb00000|100%| E|CS|TAMS 0x000000008ca00000, 0x000000008ca00000| Complete 
| 165|0x000000008cb00000, 0x000000008cc00000, 0x000000008cc00000|100%| E|CS|TAMS 0x000000008cb00000, 0x000000008cb00000| Complete 
| 166|0x000000008cc00000, 0x000000008cd00000, 0x000000008cd00000|100%| E|CS|TAMS 0x000000008cc00000, 0x000000008cc00000| Complete 
| 167|0x000000008cd00000, 0x000000008ce00000, 0x000000008ce00000|100%| E|CS|TAMS 0x000000008cd00000, 0x000000008cd00000| Complete 
| 168|0x000000008ce00000, 0x000000008cf00000, 0x000000008cf00000|100%| E|CS|TAMS 0x000000008ce00000, 0x000000008ce00000| Complete 
| 169|0x000000008cf00000, 0x000000008d000000, 0x000000008d000000|100%| E|CS|TAMS 0x000000008cf00000, 0x000000008cf00000| Complete 
| 170|0x000000008d000000, 0x000000008d100000, 0x000000008d100000|100%| E|CS|TAMS 0x000000008d000000, 0x000000008d000000| Complete 
| 171|0x000000008d100000, 0x000000008d200000, 0x000000008d200000|100%| E|CS|TAMS 0x000000008d100000, 0x000000008d100000| Complete 
| 172|0x000000008d200000, 0x000000008d300000, 0x000000008d300000|100%| E|CS|TAMS 0x000000008d200000, 0x000000008d200000| Complete 
| 173|0x000000008d300000, 0x000000008d400000, 0x000000008d400000|100%| E|CS|TAMS 0x000000008d300000, 0x000000008d300000| Complete 
| 174|0x000000008d400000, 0x000000008d500000, 0x000000008d500000|100%| E|CS|TAMS 0x000000008d400000, 0x000000008d400000| Complete 
| 175|0x000000008d500000, 0x000000008d600000, 0x000000008d600000|100%| E|CS|TAMS 0x000000008d500000, 0x000000008d500000| Complete 
| 176|0x000000008d600000, 0x000000008d700000, 0x000000008d700000|100%| E|CS|TAMS 0x000000008d600000, 0x000000008d600000| Complete 
| 177|0x000000008d700000, 0x000000008d800000, 0x000000008d800000|100%| E|CS|TAMS 0x000000008d700000, 0x000000008d700000| Complete 
| 178|0x000000008d800000, 0x000000008d900000, 0x000000008d900000|100%| E|CS|TAMS 0x000000008d800000, 0x000000008d800000| Complete 
| 179|0x000000008d900000, 0x000000008da00000, 0x000000008da00000|100%| E|CS|TAMS 0x000000008d900000, 0x000000008d900000| Complete 
| 180|0x000000008da00000, 0x000000008db00000, 0x000000008db00000|100%| E|CS|TAMS 0x000000008da00000, 0x000000008da00000| Complete 
| 181|0x000000008db00000, 0x000000008dc00000, 0x000000008dc00000|100%| E|CS|TAMS 0x000000008db00000, 0x000000008db00000| Complete 
| 182|0x000000008dc00000, 0x000000008dd00000, 0x000000008dd00000|100%| E|CS|TAMS 0x000000008dc00000, 0x000000008dc00000| Complete 

Card table byte_map: [0x0000017c5de60000,0x0000017c5e250000] _byte_map_base: 0x0000017c5da4d000

Marking Bits (Prev, Next): (CMBitMap*) 0x0000017c4a6cca00, (CMBitMap*) 0x0000017c4a6cc9c8
 Prev Bits: [0x0000017c605b0000, 0x0000017c62518000)
 Next Bits: [0x0000017c5e640000, 0x0000017c605a8000)

Polling page: 0x0000017c49e50000

Metaspace:

Usage:
  Non-class:     56.70 MB capacity,    55.70 MB ( 98%) used,   822.30 KB (  1%) free+waste,   209.38 KB ( <1%) overhead. 
      Class:      9.15 MB capacity,     8.53 MB ( 93%) used,   538.87 KB (  6%) free+waste,    97.75 KB (  1%) overhead. 
       Both:     65.86 MB capacity,    64.23 MB ( 98%) used,     1.33 MB (  2%) free+waste,   307.13 KB ( <1%) overhead. 

Virtual space:
  Non-class space:       58.00 MB reserved,      56.83 MB ( 98%) committed 
      Class space:        1.00 GB reserved,       9.20 MB ( <1%) committed 
             Both:        1.06 GB reserved,      66.03 MB (  6%) committed 

Chunk freelists:
   Non-Class:  0 bytes
       Class:  4.00 KB
        Both:  4.00 KB

MaxMetaspaceSize: 17179869184.00 GB
CompressedClassSpaceSize: 1.00 GB

CodeHeap 'non-profiled nmethods': size=120000Kb used=4563Kb max_used=4563Kb free=115436Kb
 bounds [0x0000017c56210000, 0x0000017c56690000, 0x0000017c5d740000]
CodeHeap 'profiled nmethods': size=120000Kb used=14806Kb max_used=14806Kb free=105193Kb
 bounds [0x0000017c4ece0000, 0x0000017c4fb60000, 0x0000017c56210000]
CodeHeap 'non-nmethods': size=5760Kb used=1272Kb max_used=1325Kb free=4487Kb
 bounds [0x0000017c4e740000, 0x0000017c4e9b0000, 0x0000017c4ece0000]
 total_blobs=9072 nmethods=6368 adapters=558
 compilation: enabled
              stopped_count=0, restarted_count=0
 full_count=0

Compilation events (20 events):
Event: 13.438 Thread 0x0000017c64f69000 6541       3       javax.servlet.http.HttpServletRequestWrapper::_getHttpServletRequest (8 bytes)
Event: 13.438 Thread 0x0000017c64f69000 nmethod 6541 0x0000017c4ecfd790 code [0x0000017c4ecfd940, 0x0000017c4ecfdbf8]
Event: 13.438 Thread 0x0000017c64f69000 6542       3       javax.servlet.http.HttpServletRequestWrapper::getMethod (10 bytes)
Event: 13.438 Thread 0x0000017c64f69000 nmethod 6542 0x0000017c4ed62c90 code [0x0000017c4ed62e60, 0x0000017c4ed63250]
Event: 13.449 Thread 0x0000017c64f69000 6544       3       org.springframework.core.annotation.AnnotationsScanner::processClassHierarchy (214 bytes)
Event: 13.450 Thread 0x0000017c64f69000 nmethod 6544 0x0000017c4fb52890 code [0x0000017c4fb52b40, 0x0000017c4fb53810]
Event: 13.450 Thread 0x0000017c64f69000 6545       3       org.springframework.util.ReflectionUtils::hasSameParams (26 bytes)
Event: 13.450 Thread 0x0000017c64f69000 nmethod 6545 0x0000017c4ed62410 code [0x0000017c4ed62600, 0x0000017c4ed62ac0]
Event: 13.455 Thread 0x0000017c64f69000 6549   !   3       java.util.concurrent.ConcurrentHashMap::initTable (112 bytes)
Event: 13.455 Thread 0x0000017c64f69000 nmethod 6549 0x0000017c4fb53c90 code [0x0000017c4fb53e80, 0x0000017c4fb54490]
Event: 13.460 Thread 0x0000017c64f60800 nmethod 6536% 0x0000017c5667f810 code [0x0000017c5667fa60, 0x0000017c56681040]
Event: 13.460 Thread 0x0000017c64f60800 6543       4       java.util.HashMap::get (23 bytes)
Event: 13.462 Thread 0x0000017c64f60800 nmethod 6543 0x0000017c56681d10 code [0x0000017c56681ec0, 0x0000017c56682168]
Event: 13.462 Thread 0x0000017c64f60800 6547   !   4       org.springframework.security.access.method.DelegatingMethodSecurityMetadataSource::getAttributes (225 bytes)
Event: 13.463 Thread 0x0000017c65a22000 nmethod 6535 0x0000017c56682390 code [0x0000017c566825c0, 0x0000017c56683670]
Event: 13.463 Thread 0x0000017c65a22000 6548       4       org.springframework.core.annotation.AnnotationsScanner::processMethod (122 bytes)
Event: 13.467 Thread 0x0000017c65a22000 nmethod 6548 0x0000017c56684010 code [0x0000017c56684200, 0x0000017c56684590]
Event: 13.468 Thread 0x0000017c65a22000 6546       4       org.apache.commons.logging.LogAdapter$Slf4jLocationAwareLog::trace (46 bytes)
Event: 13.469 Thread 0x0000017c65a22000 nmethod 6546 0x0000017c56684a90 code [0x0000017c56684c40, 0x0000017c56684d68]
Event: 13.469 Thread 0x0000017c65a22000 6538       4       sun.invoke.util.BytecodeDescriptor::unparseSig (91 bytes)

GC Heap History (18 events):
Event: 0.422 GC heap before
{Heap before GC invocations=0 (full 0):
 garbage-first heap   total 129024K, used 24576K [0x0000000082600000, 0x0000000100000000)
  region size 1024K, 24 young (24576K), 0 survivors (0K)
 Metaspace       used 4412K, capacity 6524K, committed 6656K, reserved 1056768K
  class space    used 481K, capacity 687K, committed 768K, reserved 1048576K
}
Event: 0.426 GC heap after
{Heap after GC invocations=1 (full 0):
 garbage-first heap   total 129024K, used 6673K [0x0000000082600000, 0x0000000100000000)
  region size 1024K, 3 young (3072K), 3 survivors (3072K)
 Metaspace       used 4412K, capacity 6524K, committed 6656K, reserved 1056768K
  class space    used 481K, capacity 687K, committed 768K, reserved 1048576K
}
Event: 0.751 GC heap before
{Heap before GC invocations=1 (full 0):
 garbage-first heap   total 129024K, used 79377K [0x0000000082600000, 0x0000000100000000)
  region size 1024K, 75 young (76800K), 3 survivors (3072K)
 Metaspace       used 11006K, capacity 11633K, committed 11904K, reserved 1058816K
  class space    used 1468K, capacity 1620K, committed 1664K, reserved 1048576K
}
Event: 0.757 GC heap after
{Heap after GC invocations=2 (full 0):
 garbage-first heap   total 129024K, used 8800K [0x0000000082600000, 0x0000000100000000)
  region size 1024K, 6 young (6144K), 6 survivors (6144K)
 Metaspace       used 11006K, capacity 11633K, committed 11904K, reserved 1058816K
  class space    used 1468K, capacity 1620K, committed 1664K, reserved 1048576K
}
Event: 1.160 GC heap before
{Heap before GC invocations=2 (full 0):
 garbage-first heap   total 129024K, used 78432K [0x0000000082600000, 0x0000000100000000)
  region size 1024K, 75 young (76800K), 6 survivors (6144K)
 Metaspace       used 18557K, capacity 19140K, committed 19328K, reserved 1067008K
  class space    used 2378K, capacity 2613K, committed 2688K, reserved 1048576K
}
Event: 1.164 GC heap after
{Heap after GC invocations=3 (full 0):
 garbage-first heap   total 129024K, used 10769K [0x0000000082600000, 0x0000000100000000)
  region size 1024K, 7 young (7168K), 7 survivors (7168K)
 Metaspace       used 18557K, capacity 19140K, committed 19328K, reserved 1067008K
  class space    used 2378K, capacity 2613K, committed 2688K, reserved 1048576K
}
Event: 1.538 GC heap before
{Heap before GC invocations=3 (full 0):
 garbage-first heap   total 129024K, used 54801K [0x0000000082600000, 0x0000000100000000)
  region size 1024K, 52 young (53248K), 7 survivors (7168K)
 Metaspace       used 20436K, capacity 21084K, committed 21296K, reserved 1067008K
  class space    used 2576K, capacity 2826K, committed 2944K, reserved 1048576K
}
Event: 1.546 GC heap after
{Heap after GC invocations=4 (full 0):
 garbage-first heap   total 129024K, used 11844K [0x0000000082600000, 0x0000000100000000)
  region size 1024K, 5 young (5120K), 5 survivors (5120K)
 Metaspace       used 20436K, capacity 21084K, committed 21296K, reserved 1067008K
  class space    used 2576K, capacity 2826K, committed 2944K, reserved 1048576K
}
Event: 2.506 GC heap before
{Heap before GC invocations=5 (full 0):
 garbage-first heap   total 129024K, used 83524K [0x0000000082600000, 0x0000000100000000)
  region size 1024K, 75 young (76800K), 5 survivors (5120K)
 Metaspace       used 29488K, capacity 30526K, committed 30768K, reserved 1075200K
  class space    used 3795K, capacity 4189K, committed 4224K, reserved 1048576K
}
Event: 2.513 GC heap after
{Heap after GC invocations=6 (full 0):
 garbage-first heap   total 155648K, used 16096K [0x0000000082600000, 0x0000000100000000)
  region size 1024K, 10 young (10240K), 10 survivors (10240K)
 Metaspace       used 29488K, capacity 30526K, committed 30768K, reserved 1075200K
  class space    used 3795K, capacity 4189K, committed 4224K, reserved 1048576K
}
Event: 2.631 GC heap before
{Heap before GC invocations=6 (full 0):
 garbage-first heap   total 155648K, used 94944K [0x0000000082600000, 0x0000000100000000)
  region size 1024K, 88 young (90112K), 10 survivors (10240K)
 Metaspace       used 30358K, capacity 31421K, committed 31664K, reserved 1077248K
  class space    used 3884K, capacity 4294K, committed 4352K, reserved 1048576K
}
Event: 2.637 GC heap after
{Heap after GC invocations=7 (full 0):
 garbage-first heap   total 155648K, used 16544K [0x0000000082600000, 0x0000000100000000)
  region size 1024K, 7 young (7168K), 7 survivors (7168K)
 Metaspace       used 30358K, capacity 31421K, committed 31664K, reserved 1077248K
  class space    used 3884K, capacity 4294K, committed 4352K, reserved 1048576K
}
Event: 2.924 GC heap before
{Heap before GC invocations=7 (full 0):
 garbage-first heap   total 155648K, used 41120K [0x0000000082600000, 0x0000000100000000)
  region size 1024K, 32 young (32768K), 7 survivors (7168K)
 Metaspace       used 34780K, capacity 35858K, committed 35920K, reserved 1081344K
  class space    used 4376K, capacity 4853K, committed 4864K, reserved 1048576K
}
Event: 2.930 GC heap after
{Heap after GC invocations=8 (full 0):
 garbage-first heap   total 155648K, used 19360K [0x0000000082600000, 0x0000000100000000)
  region size 1024K, 9 young (9216K), 9 survivors (9216K)
 Metaspace       used 34780K, capacity 35858K, committed 35920K, reserved 1081344K
  class space    used 4376K, capacity 4853K, committed 4864K, reserved 1048576K
}
Event: 4.353 GC heap before
{Heap before GC invocations=9 (full 0):
 garbage-first heap   total 155648K, used 103328K [0x0000000082600000, 0x0000000100000000)
  region size 1024K, 91 young (93184K), 9 survivors (9216K)
 Metaspace       used 51038K, capacity 52280K, committed 52380K, reserved 1095680K
  class space    used 6709K, capacity 7205K, committed 7244K, reserved 1048576K
}
Event: 4.364 GC heap after
{Heap after GC invocations=10 (full 0):
 garbage-first heap   total 155648K, used 25349K [0x0000000082600000, 0x0000000100000000)
  region size 1024K, 10 young (10240K), 10 survivors (10240K)
 Metaspace       used 51038K, capacity 52280K, committed 52380K, reserved 1095680K
  class space    used 6709K, capacity 7205K, committed 7244K, reserved 1048576K
}
Event: 5.323 GC heap before
{Heap before GC invocations=11 (full 0):
 garbage-first heap   total 155648K, used 108293K [0x0000000082600000, 0x0000000100000000)
  region size 1024K, 91 young (93184K), 10 survivors (10240K)
 Metaspace       used 60660K, capacity 62245K, committed 62364K, reserved 1103872K
  class space    used 8108K, capacity 8694K, committed 8780K, reserved 1048576K
}
Event: 5.331 GC heap after
{Heap after GC invocations=12 (full 0):
 garbage-first heap   total 187392K, used 30267K [0x0000000082600000, 0x0000000100000000)
  region size 1024K, 5 young (5120K), 5 survivors (5120K)
 Metaspace       used 60660K, capacity 62245K, committed 62364K, reserved 1103872K
  class space    used 8108K, capacity 8694K, committed 8780K, reserved 1048576K
}

Deoptimization events (20 events):
Event: 7.641 Thread 0x0000017c6a3cc000 DEOPT PACKING pc=0x0000017c56422e20 sp=0x0000000f66bff300
Event: 7.641 Thread 0x0000017c6a3cc000 DEOPT UNPACKING pc=0x0000017c4e76922f sp=0x0000000f66bff298 mode 2
Event: 7.642 Thread 0x0000017c6a3cc000 Uncommon trap: trap_request=0xffffffc6 fr.pc=0x0000017c56422e20 relative=0x0000000000000a40
Event: 7.642 Thread 0x0000017c6a3cc000 Uncommon trap: reason=bimorphic_or_optimized_type_check action=maybe_recompile pc=0x0000017c56422e20 method=java.util.AbstractCollection.containsAll(Ljava/util/Collection;)Z @ 25 c2
Event: 7.642 Thread 0x0000017c6a3cc000 DEOPT PACKING pc=0x0000017c56422e20 sp=0x0000000f66bff300
Event: 7.642 Thread 0x0000017c6a3cc000 DEOPT UNPACKING pc=0x0000017c4e76922f sp=0x0000000f66bff298 mode 2
Event: 13.358 Thread 0x0000017c6a3ca000 DEOPT PACKING pc=0x0000017c4f5974e1 sp=0x0000000f66efdf50
Event: 13.358 Thread 0x0000017c6a3ca000 DEOPT UNPACKING pc=0x0000017c4e76904e sp=0x0000000f66efd428 mode 0
Event: 13.397 Thread 0x0000017c6a3ca000 Uncommon trap: trap_request=0xffffff6e fr.pc=0x0000017c5662a71c relative=0x0000000000000e3c
Event: 13.397 Thread 0x0000017c6a3ca000 Uncommon trap: reason=speculate_class_check action=maybe_recompile pc=0x0000017c5662a71c method=java.lang.reflect.Executable.declaredAnnotations()Ljava/util/Map; @ 23 c2
Event: 13.397 Thread 0x0000017c6a3ca000 DEOPT PACKING pc=0x0000017c5662a71c sp=0x0000000f66efdb50
Event: 13.397 Thread 0x0000017c6a3ca000 DEOPT UNPACKING pc=0x0000017c4e76922f sp=0x0000000f66efdad8 mode 2
Event: 13.401 Thread 0x0000017c6a3ca000 Uncommon trap: trap_request=0xffffff6e fr.pc=0x0000017c5662a71c relative=0x0000000000000e3c
Event: 13.402 Thread 0x0000017c6a3ca000 Uncommon trap: reason=speculate_class_check action=maybe_recompile pc=0x0000017c5662a71c method=java.lang.reflect.Executable.declaredAnnotations()Ljava/util/Map; @ 23 c2
Event: 13.402 Thread 0x0000017c6a3ca000 DEOPT PACKING pc=0x0000017c5662a71c sp=0x0000000f66efdb50
Event: 13.402 Thread 0x0000017c6a3ca000 DEOPT UNPACKING pc=0x0000017c4e76922f sp=0x0000000f66efdad8 mode 2
Event: 13.405 Thread 0x0000017c6a3ca000 Uncommon trap: trap_request=0xffffff6e fr.pc=0x0000017c5662a71c relative=0x0000000000000e3c
Event: 13.405 Thread 0x0000017c6a3ca000 Uncommon trap: reason=speculate_class_check action=maybe_recompile pc=0x0000017c5662a71c method=java.lang.reflect.Executable.declaredAnnotations()Ljava/util/Map; @ 23 c2
Event: 13.405 Thread 0x0000017c6a3ca000 DEOPT PACKING pc=0x0000017c5662a71c sp=0x0000000f66efdb50
Event: 13.405 Thread 0x0000017c6a3ca000 DEOPT UNPACKING pc=0x0000017c4e76922f sp=0x0000000f66efdad8 mode 2

Classes redefined (0 events):
No events

Internal exceptions (20 events):
Event: 5.056 Thread 0x0000017c6611f800 Exception <a 'java/lang/reflect/InvocationTargetException'{0x0000000088450428}> (0x0000000088450428) thrown at [c:/BuildAgent/work/5ff2f6c26000d570/src/hotspot/share/runtime/reflection.cpp, line 1246]
Event: 5.064 Thread 0x0000017c6611f800 Exception <a 'java/lang/ClassNotFoundException'{0x00000000884f0568}: java/lang/ObjectCustomizer> (0x00000000884f0568) thrown at [c:/BuildAgent/work/5ff2f6c26000d570/src/hotspot/share/classfile/systemDictionary.cpp, line 231]
Event: 5.064 Thread 0x0000017c6611f800 Exception <a 'java/lang/ClassNotFoundException'{0x00000000884fda10}: com/test/entities/TopicCustomizer> (0x00000000884fda10) thrown at [c:/BuildAgent/work/5ff2f6c26000d570/src/hotspot/share/classfile/systemDictionary.cpp, line 231]
Event: 5.076 Thread 0x0000017c6611f800 Exception <a 'java/lang/ClassNotFoundException'{0x000000008821c188}: java/lang/ObjectCustomizer> (0x000000008821c188) thrown at [c:/BuildAgent/work/5ff2f6c26000d570/src/hotspot/share/classfile/systemDictionary.cpp, line 231]
Event: 5.077 Thread 0x0000017c6611f800 Exception <a 'java/lang/ClassNotFoundException'{0x000000008822a070}: com/test/entities/CommentCustomizer> (0x000000008822a070) thrown at [c:/BuildAgent/work/5ff2f6c26000d570/src/hotspot/share/classfile/systemDictionary.cpp, line 231]
Event: 5.083 Thread 0x0000017c6611f800 Exception <a 'java/lang/reflect/InvocationTargetException'{0x0000000088114de0}> (0x0000000088114de0) thrown at [c:/BuildAgent/work/5ff2f6c26000d570/src/hotspot/share/runtime/reflection.cpp, line 1246]
Event: 5.090 Thread 0x0000017c6611f800 Exception <a 'java/lang/ClassNotFoundException'{0x00000000881b2ad0}: java/lang/ObjectCustomizer> (0x00000000881b2ad0) thrown at [c:/BuildAgent/work/5ff2f6c26000d570/src/hotspot/share/classfile/systemDictionary.cpp, line 231]
Event: 5.091 Thread 0x0000017c6611f800 Exception <a 'java/lang/ClassNotFoundException'{0x00000000881c09b8}: com/test/entities/PaymentCustomizer> (0x00000000881c09b8) thrown at [c:/BuildAgent/work/5ff2f6c26000d570/src/hotspot/share/classfile/systemDictionary.cpp, line 231]
Event: 5.096 Thread 0x0000017c6611f800 Exception <a 'java/lang/reflect/InvocationTargetException'{0x00000000880dd5a0}> (0x00000000880dd5a0) thrown at [c:/BuildAgent/work/5ff2f6c26000d570/src/hotspot/share/runtime/reflection.cpp, line 1246]
Event: 5.096 Thread 0x0000017c6611f800 Exception <a 'java/lang/reflect/InvocationTargetException'{0x00000000880e8a78}> (0x00000000880e8a78) thrown at [c:/BuildAgent/work/5ff2f6c26000d570/src/hotspot/share/runtime/reflection.cpp, line 1246]
Event: 5.149 Thread 0x0000017c6611f800 Exception <a 'java/lang/ClassNotFoundException'{0x0000000087b29810}: java/lang/ObjectCustomizer> (0x0000000087b29810) thrown at [c:/BuildAgent/work/5ff2f6c26000d570/src/hotspot/share/classfile/systemDictionary.cpp, line 231]
Event: 5.149 Thread 0x0000017c6611f800 Exception <a 'java/lang/ClassNotFoundException'{0x0000000087b3d510}: org/springframework/security/config/annotation/web/configuration/WebSecurityConfigurationCustomizer> (0x0000000087b3d510) thrown at [c:/BuildAgent/work/5ff2f6c26000d570/src/hotspot/share
Event: 5.150 Thread 0x0000017c6611f800 Exception <a 'java/lang/ClassNotFoundException'{0x0000000087b54608}: org/springframework/context/annotation/ImportAwareCustomizer> (0x0000000087b54608) thrown at [c:/BuildAgent/work/5ff2f6c26000d570/src/hotspot/share/classfile/systemDictionary.cpp, line 2
Event: 5.150 Thread 0x0000017c6611f800 Exception <a 'java/lang/ClassNotFoundException'{0x0000000087b60540}: org/springframework/beans/factory/AwareCustomizer> (0x0000000087b60540) thrown at [c:/BuildAgent/work/5ff2f6c26000d570/src/hotspot/share/classfile/systemDictionary.cpp, line 231]
Event: 5.150 Thread 0x0000017c6611f800 Exception <a 'java/lang/ClassNotFoundException'{0x0000000087b6d008}: org/springframework/beans/factory/BeanClassLoaderAwareCustomizer> (0x0000000087b6d008) thrown at [c:/BuildAgent/work/5ff2f6c26000d570/src/hotspot/share/classfile/systemDictionary.cpp, li
Event: 5.150 Thread 0x0000017c6611f800 Exception <a 'java/lang/ClassNotFoundException'{0x0000000087b78f50}: org/springframework/beans/factory/AwareCustomizer> (0x0000000087b78f50) thrown at [c:/BuildAgent/work/5ff2f6c26000d570/src/hotspot/share/classfile/systemDictionary.cpp, line 231]
Event: 5.266 Thread 0x0000017c6611f800 Exception <a 'java/lang/NoSuchMethodError'{0x0000000087140740}: 'java.lang.Object java.lang.invoke.DirectMethodHandle$Holder.invokeInterface(java.lang.Object, java.lang.Object, java.lang.Object, java.lang.Object)'> (0x0000000087140740) thrown at [c:/Build
Event: 5.382 Thread 0x0000017c6611f800 Exception <a 'java/lang/NoSuchMethodError'{0x000000008d7b90f0}: 'void java.lang.invoke.DirectMethodHandle$Holder.invokeVirtual(java.lang.Object, java.lang.Object, int)'> (0x000000008d7b90f0) thrown at [c:/BuildAgent/work/5ff2f6c26000d570/src/hotspot/share
Event: 5.481 Thread 0x0000017c6611f800 Exception <a 'java/lang/IncompatibleClassChangeError'{0x000000008ce84948}: Found class java.lang.Object, but interface was expected> (0x000000008ce84948) thrown at [c:/BuildAgent/work/5ff2f6c26000d570/src/hotspot/share/interpreter/linkResolver.cpp, line 8
Event: 13.428 Thread 0x0000017c6a3ca000 Exception <a 'java/lang/NoSuchMethodError'{0x000000008b4ab5f8}: 'void java.lang.invoke.DirectMethodHandle$Holder.invokeStaticInit(java.lang.Object, java.lang.Object, java.lang.Object)'> (0x000000008b4ab5f8) thrown at [c:/BuildAgent/work/5ff2f6c26000d570/s

Events (20 events):
Event: 13.482 loading class freemarker/core/OrExpression
Event: 13.482 loading class freemarker/core/OrExpression done
Event: 13.482 loading class freemarker/core/DefaultToExpression
Event: 13.482 loading class freemarker/core/DefaultToExpression done
Event: 13.482 loading class freemarker/core/NumberLiteral
Event: 13.482 loading class freemarker/core/NumberLiteral done
Event: 13.482 loading class freemarker/core/ParentheticalExpression
Event: 13.482 loading class freemarker/core/ParentheticalExpression done
Event: 13.482 loading class freemarker/core/HashLiteral
Event: 13.482 loading class freemarker/core/HashLiteral done
Event: 13.482 loading class freemarker/core/ListLiteral
Event: 13.482 loading class freemarker/core/ListLiteral done
Event: 13.483 loading class freemarker/core/BuiltinVariable
Event: 13.483 loading class freemarker/core/BuiltinVariable done
Event: 13.484 loading class freemarker/core/ListElseContainer
Event: 13.484 loading class freemarker/core/ListElseContainer done
Event: 13.485 loading class freemarker/core/SimpleCharStream
Event: 13.485 loading class freemarker/core/SimpleCharStream done
Event: 13.486 loading class freemarker/core/FMParserTokenManager
Event: 13.486 loading class freemarker/core/FMParserTokenManager done


Dynamic libraries:
0x00007ff7dbee0000 - 0x00007ff7dbeea000 	C:\Program Files\JetBrains\IntelliJ IDEA Community Edition 2019.3.3\jbr\bin\java.exe
0x00007ffab9f80000 - 0x00007ffaba170000 	C:\Windows\SYSTEM32\ntdll.dll
0x00007ffaa2a10000 - 0x00007ffaa2a24000 	C:\Program Files\AVAST Software\Avast\aswhook.dll
0x00007ffab9e00000 - 0x00007ffab9eb2000 	C:\Windows\System32\KERNEL32.DLL
0x00007ffab7400000 - 0x00007ffab76a3000 	C:\Windows\System32\KERNELBASE.dll
0x00007ffab72e0000 - 0x00007ffab73da000 	C:\Windows\System32\ucrtbase.dll
0x00007ffa9e1f0000 - 0x00007ffa9e209000 	C:\Program Files\JetBrains\IntelliJ IDEA Community Edition 2019.3.3\jbr\bin\jli.dll
0x00007ffab94d0000 - 0x00007ffab9664000 	C:\Windows\System32\USER32.dll
0x00007ffab7730000 - 0x00007ffab7751000 	C:\Windows\System32\win32u.dll
0x00007ffab8d00000 - 0x00007ffab8d26000 	C:\Windows\System32\GDI32.dll
0x00007ffab6f70000 - 0x00007ffab7104000 	C:\Windows\System32\gdi32full.dll
0x00007ffab7f90000 - 0x00007ffab802e000 	C:\Windows\System32\msvcp_win.dll
0x00007ffa996b0000 - 0x00007ffa996c7000 	C:\Program Files\JetBrains\IntelliJ IDEA Community Edition 2019.3.3\jbr\bin\VCRUNTIME140.dll
0x00007ffaa5f80000 - 0x00007ffaa6205000 	C:\Windows\WinSxS\amd64_microsoft.windows.common-controls_6595b64144ccf1df_6.0.18362.628_none_e6c6b62f130d50fc\COMCTL32.dll
0x00007ffab88b0000 - 0x00007ffab894e000 	C:\Windows\System32\msvcrt.dll
0x00007ffab8330000 - 0x00007ffab8666000 	C:\Windows\System32\combase.dll
0x00007ffab9670000 - 0x00007ffab9790000 	C:\Windows\System32\RPCRT4.dll
0x00007ffab76b0000 - 0x00007ffab7730000 	C:\Windows\System32\bcryptPrimitives.dll
0x00007ffab8aa0000 - 0x00007ffab8ace000 	C:\Windows\System32\IMM32.DLL
0x00007ffa68310000 - 0x00007ffa683ad000 	C:\Program Files\JetBrains\IntelliJ IDEA Community Edition 2019.3.3\jbr\bin\msvcp140.dll
0x00007ffa61850000 - 0x00007ffa6230b000 	C:\Program Files\JetBrains\IntelliJ IDEA Community Edition 2019.3.3\jbr\bin\server\jvm.dll
0x00007ffab9420000 - 0x00007ffab94c3000 	C:\Windows\System32\ADVAPI32.dll
0x00007ffab8a00000 - 0x00007ffab8a97000 	C:\Windows\System32\sechost.dll
0x00007ffab87f0000 - 0x00007ffab87f8000 	C:\Windows\System32\PSAPI.DLL
0x00007ffaa8080000 - 0x00007ffaa8089000 	C:\Windows\SYSTEM32\WSOCK32.dll
0x00007ffab8ad0000 - 0x00007ffab8b3f000 	C:\Windows\System32\WS2_32.dll
0x00007ffab4980000 - 0x00007ffab49a4000 	C:\Windows\SYSTEM32\WINMM.dll
0x00007ffab1ef0000 - 0x00007ffab1efa000 	C:\Windows\SYSTEM32\VERSION.dll
0x00007ffab4950000 - 0x00007ffab497d000 	C:\Windows\SYSTEM32\WINMMBASE.dll
0x00007ffab7140000 - 0x00007ffab718a000 	C:\Windows\System32\cfgmgr32.dll
0x00007ffab6e80000 - 0x00007ffab6e91000 	C:\Windows\System32\kernel.appcore.dll
0x00007ffa9fa50000 - 0x00007ffa9fa61000 	C:\Program Files\JetBrains\IntelliJ IDEA Community Edition 2019.3.3\jbr\bin\verify.dll
0x00007ffaaee30000 - 0x00007ffaaf024000 	C:\Windows\SYSTEM32\DBGHELP.DLL
0x00007ffaacaa0000 - 0x00007ffaacaca000 	C:\Windows\SYSTEM32\dbgcore.DLL
0x00007ffa9fa20000 - 0x00007ffa9fa49000 	C:\Program Files\JetBrains\IntelliJ IDEA Community Edition 2019.3.3\jbr\bin\java.dll
0x00007ffaa6310000 - 0x00007ffaa631f000 	C:\Program Files\JetBrains\IntelliJ IDEA Community Edition 2019.3.3\jbr\bin\instrument.dll
0x00007ffa9f290000 - 0x00007ffa9f2a7000 	C:\Program Files\JetBrains\IntelliJ IDEA Community Edition 2019.3.3\jbr\bin\zip.dll
0x00007ffaa8dd0000 - 0x00007ffaa8ddb000 	C:\Program Files\JetBrains\IntelliJ IDEA Community Edition 2019.3.3\jbr\bin\jimage.dll
0x00007ffab8d30000 - 0x00007ffab9415000 	C:\Windows\System32\SHELL32.dll
0x00007ffab8950000 - 0x00007ffab89f9000 	C:\Windows\System32\shcore.dll
0x00007ffab7760000 - 0x00007ffab7edf000 	C:\Windows\System32\windows.storage.dll
0x00007ffab6ea0000 - 0x00007ffab6ebf000 	C:\Windows\System32\profapi.dll
0x00007ffab6ec0000 - 0x00007ffab6f0a000 	C:\Windows\System32\powrprof.dll
0x00007ffab6e50000 - 0x00007ffab6e60000 	C:\Windows\System32\UMPDC.dll
0x00007ffab9da0000 - 0x00007ffab9df2000 	C:\Windows\System32\shlwapi.dll
0x00007ffab73e0000 - 0x00007ffab73f7000 	C:\Windows\System32\cryptsp.dll
0x00007ffa9f0c0000 - 0x00007ffa9f0da000 	C:\Program Files\JetBrains\IntelliJ IDEA Community Edition 2019.3.3\jbr\bin\net.dll
0x00007ffaa92d0000 - 0x00007ffaa93c0000 	C:\Windows\SYSTEM32\WINHTTP.dll
0x00007ffab66c0000 - 0x00007ffab6727000 	C:\Windows\system32\mswsock.dll
0x00007ffa9f0a0000 - 0x00007ffa9f0b4000 	C:\Program Files\JetBrains\IntelliJ IDEA Community Edition 2019.3.3\jbr\bin\nio.dll
0x00007ffa96f10000 - 0x00007ffa96f2a000 	C:\Program Files\JetBrains\IntelliJ IDEA Community Edition 2019.3.3\bin\breakgen64.dll
0x00007ffaa8b90000 - 0x00007ffaa8b9a000 	C:\Program Files\JetBrains\IntelliJ IDEA Community Edition 2019.3.3\jbr\bin\management.dll
0x00007ffaa6390000 - 0x00007ffaa639c000 	C:\Program Files\JetBrains\IntelliJ IDEA Community Edition 2019.3.3\jbr\bin\management_ext.dll
0x00007ffa96dd0000 - 0x00007ffa96de6000 	C:\Windows\system32\napinsp.dll
0x00007ffa96db0000 - 0x00007ffa96dca000 	C:\Windows\system32\pnrpnsp.dll
0x00007ffab6410000 - 0x00007ffab64da000 	C:\Windows\SYSTEM32\DNSAPI.dll
0x00007ffab8320000 - 0x00007ffab8328000 	C:\Windows\System32\NSI.dll
0x00007ffab63d0000 - 0x00007ffab640a000 	C:\Windows\SYSTEM32\IPHLPAPI.DLL
0x00007ffa96da0000 - 0x00007ffa96dae000 	C:\Windows\System32\winrnr.dll
0x00007ffab36b0000 - 0x00007ffab36cc000 	C:\Windows\system32\NLAapi.dll
0x00007ffa97640000 - 0x00007ffa97655000 	C:\Windows\system32\wshbth.dll
0x00007ffaa90b0000 - 0x00007ffaa90ba000 	C:\Windows\System32\rasadhlp.dll
0x00007ffaaca20000 - 0x00007ffaaca97000 	C:\Windows\System32\fwpuclnt.dll
0x00007ffab7110000 - 0x00007ffab7136000 	C:\Windows\System32\bcrypt.dll
0x00007ffab6230000 - 0x00007ffab6263000 	C:\Windows\system32\rsaenh.dll
0x00007ffab6d40000 - 0x00007ffab6d65000 	C:\Windows\SYSTEM32\USERENV.dll
0x00007ffab6890000 - 0x00007ffab689c000 	C:\Windows\SYSTEM32\CRYPTBASE.dll
0x00007ffaaf860000 - 0x00007ffaaf876000 	C:\Windows\SYSTEM32\dhcpcsvc6.DLL
0x00007ffaafb00000 - 0x00007ffaafb1c000 	C:\Windows\SYSTEM32\dhcpcsvc.DLL
0x00007ffa9d5c0000 - 0x00007ffa9d5e8000 	C:\Program Files\JetBrains\IntelliJ IDEA Community Edition 2019.3.3\jbr\bin\sunec.dll

dbghelp: loaded successfully - version: 4.0.5 - missing functions: none
symbol engine: initialized successfully - sym options: 0x614 - pdb path: .;C:\Program Files\JetBrains\IntelliJ IDEA Community Edition 2019.3.3\jbr\bin;C:\Windows\SYSTEM32;C:\Program Files\AVAST Software\Avast;C:\Windows\WinSxS\amd64_microsoft.windows.common-controls_6595b64144ccf1df_6.0.18362.628_none_e6c6b62f130d50fc;C:\Program Files\JetBrains\IntelliJ IDEA Community Edition 2019.3.3\jbr\bin\server;C:\Program Files\JetBrains\IntelliJ IDEA Community Edition 2019.3.3\bin

VM Arguments:
jvm_args: -javaagent:C:\Program Files\JetBrains\IntelliJ IDEA Community Edition 2019.3.3\lib\idea_rt.jar=52224:C:\Program Files\JetBrains\IntelliJ IDEA Community Edition 2019.3.3\bin -Dfile.encoding=UTF-8 
java_command: com.test.Application
java_class_path (initial): F:\CF_web_app\target\classes;C:\Users\User\.m2\repository\org\springframework\boot\spring-boot-starter-mail\2.2.2.RELEASE\spring-boot-starter-mail-2.2.2.RELEASE.jar;C:\Users\User\.m2\repository\org\springframework\boot\spring-boot-starter\2.2.2.RELEASE\spring-boot-starter-2.2.2.RELEASE.jar;C:\Users\User\.m2\repository\org\springframework\boot\spring-boot-starter-logging\2.2.2.RELEASE\spring-boot-starter-logging-2.2.2.RELEASE.jar;C:\Users\User\.m2\repository\ch\qos\logback\logback-classic\1.2.3\logback-classic-1.2.3.jar;C:\Users\User\.m2\repository\ch\qos\logback\logback-core\1.2.3\logback-core-1.2.3.jar;C:\Users\User\.m2\repository\org\apache\logging\log4j\log4j-to-slf4j\2.12.1\log4j-to-slf4j-2.12.1.jar;C:\Users\User\.m2\repository\org\apache\logging\log4j\log4j-api\2.12.1\log4j-api-2.12.1.jar;C:\Users\User\.m2\repository\org\slf4j\jul-to-slf4j\1.7.29\jul-to-slf4j-1.7.29.jar;C:\Users\User\.m2\repository\jakarta\annotation\jakarta.annotation-api\1.3.5\jakarta.annotation-api-1.3.5.jar;C:\Users\User\.m2\repository\org\yaml\snakeyaml\1.25\snakeyaml-1.25.jar;C:\Users\User\.m2\repository\org\springframework\spring-context-support\5.2.2.RELEASE\spring-context-support-5.2.2.RELEASE.jar;C:\Users\User\.m2\repository\org\springframework\spring-beans\5.2.2.RELEASE\spring-beans-5.2.2.RELEASE.jar;C:\Users\User\.m2\repository\org\springframework\spring-context\5.2.2.RELEASE\spring-context-5.2.2.RELEASE.jar;C:\Users\User\.m2\repository\com\sun\mail\jakarta.mail\1.6.4\jakarta.mail-1.6.4.jar;C:\Users\User\.m2\repository\com\sun\activation\jakarta.activation\1.2.1\jakarta.activation-1.2.1.jar;C:\Users\User\.m2\repository\org\flywaydb\flyway-core\6.0.8\flyway-core-6.0.8.jar;C:\Users\User\.m2\repository\org\springframework\boot\spring-boot-starter-freemarker\2.2.2.RELEASE\spring-boot-starter-freemarker-2.2.2.RELEASE.jar;C:\Users\User\.m2\repository\org\freemarker\freemarker\2.3.29\freemarker-2.3.29.jar;C:\Users\User\.m2\repository\org\springframework\boot\sp
Launcher Type: SUN_STANDARD

[Global flags]
     intx CICompilerCount                          = 4                                         {product} {ergonomic}
     uint ConcGCThreads                            = 2                                         {product} {ergonomic}
     uint G1ConcRefinementThreads                  = 8                                         {product} {ergonomic}
   size_t G1HeapRegionSize                         = 1048576                                   {product} {ergonomic}
    uintx GCDrainStackTargetSize                   = 64                                        {product} {ergonomic}
   size_t InitialHeapSize                          = 132120576                                 {product} {ergonomic}
   size_t MarkStackSize                            = 4194304                                   {product} {ergonomic}
   size_t MaxHeapSize                              = 2107637760                                {product} {ergonomic}
   size_t MaxNewSize                               = 1264582656                                {product} {ergonomic}
   size_t MinHeapDeltaBytes                        = 1048576                                   {product} {ergonomic}
    uintx NonNMethodCodeHeapSize                   = 5836300                                {pd product} {ergonomic}
    uintx NonProfiledCodeHeapSize                  = 122910970                              {pd product} {ergonomic}
    uintx ProfiledCodeHeapSize                     = 122910970                              {pd product} {ergonomic}
    uintx ReservedCodeCacheSize                    = 251658240                              {pd product} {ergonomic}
     bool SegmentedCodeCache                       = true                                      {product} {ergonomic}
     bool UseCompressedClassPointers               = true                                 {lp64_product} {ergonomic}
     bool UseCompressedOops                        = true                                 {lp64_product} {ergonomic}
     bool UseG1GC                                  = true                                      {product} {ergonomic}
     bool UseLargePagesIndividualAllocation        = false                                  {pd product} {ergonomic}

Logging:
Log output configuration:
 #0: stdout all=warning uptime,level,tags
 #1: stderr all=off uptime,level,tags

Environment Variables:
PATH=C:\Program Files (x86)\Common Files\Oracle\Java\javapath;C:\Windows\system32;C:\Windows;C:\Windows\System32\Wbem;C:\Windows\System32\WindowsPowerShell\v1.0\;C:\Program Files\Git\cmd;C:\Program Files\nodejs\;C:\Program Files\MySQL\MySQL Shell 8.0\bin\;C:\Users\User\AppData\Local\Microsoft\WindowsApps;C:\Program Files\JetBrains\IntelliJ IDEA Community Edition 2019.3.3\bin;C:\Program Files (x86)\Microsoft VS Code\bin;C:\Users\User\AppData\Roaming\npm
USERNAME=User
OS=Windows_NT
PROCESSOR_IDENTIFIER=Intel64 Family 6 Model 158 Stepping 10, GenuineIntel



---------------  S Y S T E M  ---------------

OS: Windows 10 , 64 bit Build 18362 (10.0.18362.329)

CPU:total 8 (initial active 8) (4 cores per cpu, 2 threads per core) family 6 model 158 stepping 10, cmov, cx8, fxsr, mmx, sse, sse2, sse3, ssse3, sse4.1, sse4.2, popcnt, avx, avx2, aes, clmul, erms, 3dnowpref, lzcnt, ht, tsc, tscinvbit, bmi1, bmi2, adx, fma

Memory: 4k page, system-wide physical 8034M (1863M free)
TotalPageFile size 8034M (AvailPageFile size 5M)
current process WorkingSet (physical memory assigned to process): 350M, peak: 407M
current process commit charge ("private bytes"): 406M, peak: 455M

vm_info: OpenJDK 64-Bit Server VM (11.0.5+10-b520.38) for windows-amd64 JRE (11.0.5+10-b520.38), built on Jan 23 2020 07:58:32 by "" with MS VC++ 14.0 (VS2015)

END.
